<?xml version="1.0" encoding="UTF-8"?>
<testng-results skipped="0" failed="0" ignored="0" total="3" passed="3">
  <reporter-output>
  </reporter-output>
  <suite name="Default suite" duration-ms="14536" started-at="2020-07-03T21:40:58 IST" finished-at="2020-07-03T21:41:12 IST">
    <groups>
      <group name="cucumber">
        <method signature="AbstractTestNGCucumberTests.runScenario(io.cucumber.testng.PickleWrapper, io.cucumber.testng.FeatureWrapper)[pri:0, instance:runner.testRunner@646d64ab]" name="runScenario" class="io.cucumber.testng.AbstractTestNGCucumberTests"/>
      </group> <!-- cucumber -->
    </groups>
    <test name="Default test" duration-ms="14536" started-at="2020-07-03T21:40:58 IST" finished-at="2020-07-03T21:41:12 IST">
      <class name="runner.testRunner">
        <test-method status="PASS" signature="setUpClass()[pri:0, instance:runner.testRunner@646d64ab]" name="setUpClass" is-config="true" duration-ms="218" started-at="2020-07-03T21:40:58 IST" finished-at="2020-07-03T21:40:58 IST">
          <reporter-output>
          </reporter-output>
        </test-method> <!-- setUpClass -->
        <test-method status="PASS" signature="runScenario(io.cucumber.testng.PickleWrapper, io.cucumber.testng.FeatureWrapper)[pri:0, instance:runner.testRunner@646d64ab]" name="runScenario" duration-ms="12176" started-at="2020-07-03T21:40:58 IST" description="Runs Cucumber Scenarios" data-provider="scenarios" finished-at="2020-07-03T21:41:10 IST">
          <params>
            <param index="0">
              <value>
                <![CDATA["Testing Cucumber 4.0 Parallel Execution 3"]]>
              </value>
            </param>
            <param index="1">
              <value>
                <![CDATA["Optional[Testing Cucumber 4.0 parallel]"]]>
              </value>
            </param>
          </params>
          <reporter-output>
          </reporter-output>
        </test-method> <!-- runScenario -->
        <test-method status="PASS" signature="runScenario(io.cucumber.testng.PickleWrapper, io.cucumber.testng.FeatureWrapper)[pri:0, instance:runner.testRunner@646d64ab]" name="runScenario" duration-ms="9288" started-at="2020-07-03T21:40:58 IST" description="Runs Cucumber Scenarios" data-provider="scenarios" finished-at="2020-07-03T21:41:07 IST">
          <params>
            <param index="0">
              <value>
                <![CDATA["Testing Cucumber 4.0 Parallel Execution 2"]]>
              </value>
            </param>
            <param index="1">
              <value>
                <![CDATA["Optional[Testing Cucumber 4.0]"]]>
              </value>
            </param>
          </params>
          <reporter-output>
          </reporter-output>
        </test-method> <!-- runScenario -->
        <test-method status="PASS" signature="runScenario(io.cucumber.testng.PickleWrapper, io.cucumber.testng.FeatureWrapper)[pri:0, instance:runner.testRunner@646d64ab]" name="runScenario" duration-ms="14231" started-at="2020-07-03T21:40:58 IST" description="Runs Cucumber Scenarios" data-provider="scenarios" finished-at="2020-07-03T21:41:12 IST">
          <params>
            <param index="0">
              <value>
                <![CDATA["Testing Cucumber 4.0 Parallel Execution"]]>
              </value>
            </param>
            <param index="1">
              <value>
                <![CDATA["Optional[Testing Cucumber 4.0]"]]>
              </value>
            </param>
          </params>
          <reporter-output>
          </reporter-output>
        </test-method> <!-- runScenario -->
        <test-method status="PASS" signature="tearDownClass()[pri:0, instance:runner.testRunner@646d64ab]" name="tearDownClass" is-config="true" duration-ms="57" started-at="2020-07-03T21:41:12 IST" finished-at="2020-07-03T21:41:12 IST">
          <reporter-output>
          </reporter-output>
        </test-method> <!-- tearDownClass -->
      </class> <!-- runner.testRunner -->
    </test> <!-- Default test -->
  </suite> <!-- Default suite -->
</testng-results>
